Using pre-set license
Built from '2021.3/staging' branch; Version is '2021.3.4f1 (cb45f9cae8b7) revision 13321721'; Using compiler version '192829333'; Build Type 'Release'
OS: 'Windows 10  (10.0.19044) 64bit Core' Language: 'es' Physical Memory: 16263 MB
BatchMode: 1, IsHumanControllingUs: 0, StartBugReporterOnCrash: 0, Is64bit: 1, IsPro: 1

COMMAND LINE ARGUMENTS:
I:\Versiones de Unity\2021.3.4f1\Editor\Unity.exe
-adb2
-batchMode
-noUpm
-name
AssetImportWorker2
-projectPath
D:/GitHub Repositories/IA/AI-Deliveries/FirstAsignamentIA
-logFile
Logs/AssetImportWorker2.log
-srvPort
60594
Successfully changed project path to: D:/GitHub Repositories/IA/AI-Deliveries/FirstAsignamentIA
D:/GitHub Repositories/IA/AI-Deliveries/FirstAsignamentIA
[UnityMemory] Configuration Parameters - Can be set up in boot.config
    "memorysetup-bucket-allocator-granularity=16"
    "memorysetup-bucket-allocator-bucket-count=8"
    "memorysetup-bucket-allocator-block-size=33554432"
    "memorysetup-bucket-allocator-block-count=8"
    "memorysetup-main-allocator-block-size=16777216"
    "memorysetup-thread-allocator-block-size=16777216"
    "memorysetup-gfx-main-allocator-block-size=16777216"
    "memorysetup-gfx-thread-allocator-block-size=16777216"
    "memorysetup-cache-allocator-block-size=4194304"
    "memorysetup-typetree-allocator-block-size=2097152"
    "memorysetup-profiler-bucket-allocator-granularity=16"
    "memorysetup-profiler-bucket-allocator-bucket-count=8"
    "memorysetup-profiler-bucket-allocator-block-size=33554432"
    "memorysetup-profiler-bucket-allocator-block-count=8"
    "memorysetup-profiler-allocator-block-size=16777216"
    "memorysetup-profiler-editor-allocator-block-size=1048576"
    "memorysetup-temp-allocator-size-main=16777216"
    "memorysetup-job-temp-allocator-block-size=2097152"
    "memorysetup-job-temp-allocator-block-size-background=1048576"
    "memorysetup-job-temp-allocator-reduction-small-platforms=262144"
    "memorysetup-temp-allocator-size-background-worker=32768"
    "memorysetup-temp-allocator-size-job-worker=262144"
    "memorysetup-temp-allocator-size-preload-manager=33554432"
    "memorysetup-temp-allocator-size-nav-mesh-worker=65536"
    "memorysetup-temp-allocator-size-audio-worker=65536"
    "memorysetup-temp-allocator-size-cloud-worker=32768"
    "memorysetup-temp-allocator-size-gi-baking-worker=262144"
    "memorysetup-temp-allocator-size-gfx=262144"
Refreshing native plugins compatible for Editor in 645.23 ms, found 3 plugins.
Preloading 0 native plugins for Editor in 0.00 ms.
Initialize engine version: 2021.3.4f1 (cb45f9cae8b7)
[Subsystems] Discovering subsystems at path I:/Versiones de Unity/2021.3.4f1/Editor/Data/Resources/UnitySubsystems
[Subsystems] Discovering subsystems at path D:/GitHub Repositories/IA/AI-Deliveries/FirstAsignamentIA/Assets
GfxDevice: creating device client; threaded=0; jobified=0
Direct3D:
    Version:  Direct3D 11.0 [level 11.1]
    Renderer: NVIDIA GeForce GTX 1060 3GB (ID=0x1c02)
    Vendor:   NVIDIA
    VRAM:     2988 MB
    Driver:   31.0.15.2225
Initialize mono
Mono path[0] = 'I:/Versiones de Unity/2021.3.4f1/Editor/Data/Managed'
Mono path[1] = 'I:/Versiones de Unity/2021.3.4f1/Editor/Data/MonoBleedingEdge/lib/mono/unityjit-win32'
Mono config path = 'I:/Versiones de Unity/2021.3.4f1/Editor/Data/MonoBleedingEdge/etc'
Using monoOptions --debugger-agent=transport=dt_socket,embedding=1,server=y,suspend=n,address=127.0.0.1:56592
Begin MonoManager ReloadAssembly
Registering precompiled unity dll's ...
Register platform support module: I:/Versiones de Unity/2021.3.4f1/Editor/Data/PlaybackEngines/WindowsStandaloneSupport/UnityEditor.WindowsStandalone.Extensions.dll
Registered in 0.029305 seconds.
Native extension for WindowsStandalone target not found
Refreshing native plugins compatible for Editor in 284.60 ms, found 3 plugins.
Preloading 0 native plugins for Editor in 0.00 ms.
Mono: successfully reloaded assembly
- Completed reload, in  5.511 seconds
Domain Reload Profiling:
	ReloadAssembly (5514ms)
		BeginReloadAssembly (1192ms)
			ExecutionOrderSort (0ms)
			DisableScriptedObjects (0ms)
			BackupInstance (0ms)
			ReleaseScriptingObjects (0ms)
			CreateAndSetChildDomain (2ms)
		EndReloadAssembly (3149ms)
			LoadAssemblies (1214ms)
			RebuildTransferFunctionScriptingTraits (1ms)
			SetupTypeCache (1005ms)
			ReleaseScriptCaches (0ms)
			RebuildScriptCaches (181ms)
			SetupLoadedEditorAssemblies (1634ms)
				LogAssemblyErrors (0ms)
				InitializePlatformSupportModulesInManaged (31ms)
				SetLoadedEditorAssemblies (0ms)
				RefreshPlugins (286ms)
				BeforeProcessingInitializeOnLoad (4ms)
				ProcessInitializeOnLoadAttributes (985ms)
				ProcessInitializeOnLoadMethodAttributes (327ms)
				AfterProcessingInitializeOnLoad (0ms)
				EditorAssembliesLoaded (0ms)
			ExecutionOrderSort2 (0ms)
			AwakeInstancesAfterBackupRestoration (0ms)
Platform modules already initialized, skipping
Registering precompiled user dll's ...
Registered in 0.028668 seconds.
Begin MonoManager ReloadAssembly
Symbol file LoadedFromMemory doesn't match image D:\GitHub Repositories\IA\AI-Deliveries\FirstAsignamentIA\Library\PackageCache\com.unity.visualscripting@1.7.8\Editor\VisualScripting.Core\Dependencies\YamlDotNet\Unity.VisualScripting.YamlDotNet.dll
Symbol file LoadedFromMemory doesn't match image D:\GitHub Repositories\IA\AI-Deliveries\FirstAsignamentIA\Library\PackageCache\com.unity.visualscripting@1.7.8\Editor\VisualScripting.Core\Dependencies\DotNetZip\Unity.VisualScripting.IonicZip.dll
Native extension for WindowsStandalone target not found
Refreshing native plugins compatible for Editor in 11.40 ms, found 3 plugins.
Preloading 0 native plugins for Editor in 0.00 ms.
Mono: successfully reloaded assembly
- Completed reload, in 10.638 seconds
Domain Reload Profiling:
	ReloadAssembly (10640ms)
		BeginReloadAssembly (829ms)
			ExecutionOrderSort (0ms)
			DisableScriptedObjects (21ms)
			BackupInstance (0ms)
			ReleaseScriptingObjects (1ms)
			CreateAndSetChildDomain (227ms)
		EndReloadAssembly (9323ms)
			LoadAssemblies (619ms)
			RebuildTransferFunctionScriptingTraits (0ms)
			SetupTypeCache (2148ms)
			ReleaseScriptCaches (4ms)
			RebuildScriptCaches (405ms)
			SetupLoadedEditorAssemblies (5967ms)
				LogAssemblyErrors (0ms)
				InitializePlatformSupportModulesInManaged (44ms)
				SetLoadedEditorAssemblies (2ms)
				RefreshPlugins (17ms)
				BeforeProcessingInitializeOnLoad (458ms)
				ProcessInitializeOnLoadAttributes (1100ms)
				ProcessInitializeOnLoadMethodAttributes (4335ms)
				AfterProcessingInitializeOnLoad (10ms)
				EditorAssembliesLoaded (1ms)
			ExecutionOrderSort2 (0ms)
			AwakeInstancesAfterBackupRestoration (25ms)
Platform modules already initialized, skipping
========================================================================
Worker process is ready to serve import requests
Launched and connected shader compiler UnityShaderCompiler.exe after 0.33 seconds
Refreshing native plugins compatible for Editor in 3.83 ms, found 3 plugins.
Preloading 0 native plugins for Editor in 0.00 ms.
Unloading 3468 Unused Serialized files (Serialized files now loaded: 0)
Unloading 27 unused Assets / (56.9 KB). Loaded Objects now: 3951.
Memory consumption went from 123.3 MB to 123.2 MB.
Total: 18.383000 ms (FindLiveObjects: 1.228400 ms CreateObjectMapping: 0.942200 ms MarkObjects: 15.813100 ms  DeleteObjects: 0.394800 ms)

AssetImportParameters requested are different than current active one (requested -> active):
  custom:video-decoder-ogg-theora: a1e56fd34408186e4bbccfd4996cb3dc -> 
  custom:container-muxer-webm: aa71ff27fc2769a1b78a27578f13a17b -> 
  custom:container-demuxer-webm: 4f35f7cbe854078d1ac9338744f61a02 -> 
  custom:video-encoder-webm-vp8: eb34c28f22e8b96e1ab97ce403110664 -> 
  custom:video-codec-MediaFoundation-h265: 746d11721c4dcdbdad8f713fa42b33f4 -> 
  custom:audio-encoder-webm-vorbis: bf7c407c2cedff20999df2af8eb42d56 -> 
  custom:framework-win-MediaFoundation: 216162199b28c13a410421893ffa2e32 -> 
  custom:container-demuxer-ogg: 62fdf1f143b41e24485cea50d1cbac27 -> 
  custom:video-decoder-webm-vp8: 9c59270c3fd7afecdb556c50c9e8de78 -> 
  custom:audio-decoder-ogg-vorbis: bf7c407c2cedff20999df2af8eb42d56 -> 
========================================================================
Received Import Request.
  Time since last request: 9233.518681 seconds.
  path: Packages/com.unity.visualscripting/Editor/VisualScripting.Core/Dependencies/ReorderableList/IReorderableListDropTarget.cs
  artifactKey: Guid(23da87a1c9c7548268d5277908e99367) Importer(815301076,1909f56bfc062723c751e8b465ee728b)
Start importing Packages/com.unity.visualscripting/Editor/VisualScripting.Core/Dependencies/ReorderableList/IReorderableListDropTarget.cs using Guid(23da87a1c9c7548268d5277908e99367) Importer(815301076,1909f56bfc062723c751e8b465ee728b)  -> (artifact id: 'fbe4a434f508898a30bf6c232a62445d') in 0.185441 seconds 
========================================================================
Received Import Request.
  Time since last request: 89.524937 seconds.
  path: Assets/BehaviorBricks/Samples
  artifactKey: Guid(51b286ff2247f124c99be70f07074263) Importer(815301076,1909f56bfc062723c751e8b465ee728b)
Start importing Assets/BehaviorBricks/Samples using Guid(51b286ff2247f124c99be70f07074263) Importer(815301076,1909f56bfc062723c751e8b465ee728b)  -> (artifact id: '17626f7a55802b8b5369d0915253e737') in 0.006170 seconds 
========================================================================
Received Import Request.
  Time since last request: 8.509283 seconds.
  path: Assets/BehaviorBricks/Editor
  artifactKey: Guid(f6092f395b5a9f14ba19e4b8f445dd79) Importer(815301076,1909f56bfc062723c751e8b465ee728b)
Start importing Assets/BehaviorBricks/Editor using Guid(f6092f395b5a9f14ba19e4b8f445dd79) Importer(815301076,1909f56bfc062723c751e8b465ee728b)  -> (artifact id: '10c70aa1689449cf1ad73e81a95c2a85') in 0.006512 seconds 
========================================================================
Received Import Request.
  Time since last request: 149.804682 seconds.
  path: Assets/BehaviorBricks/BehaviorExecutor.cs
  artifactKey: Guid(422fb6956201c7944ae2113a1a53b0b8) Importer(815301076,1909f56bfc062723c751e8b465ee728b)
Start importing Assets/BehaviorBricks/BehaviorExecutor.cs using Guid(422fb6956201c7944ae2113a1a53b0b8) Importer(815301076,1909f56bfc062723c751e8b465ee728b)  -> (artifact id: 'ec32cf28b92f27662f76d21ad9951a38') in 0.006418 seconds 
========================================================================
Received Import Request.
  Time since last request: 106.245784 seconds.
  path: Assets/Scripts
  artifactKey: Guid(c0f57c548e749f54dbbfa1f1e06b579a) Importer(815301076,1909f56bfc062723c751e8b465ee728b)
Start importing Assets/Scripts using Guid(c0f57c548e749f54dbbfa1f1e06b579a) Importer(815301076,1909f56bfc062723c751e8b465ee728b)  -> (artifact id: '66a37d79d05937adcd5c9fd141ffc0cd') in 0.016366 seconds 
========================================================================
Received Import Request.
  Time since last request: 12.772892 seconds.
  path: Assets/Scripts/Behaviors
  artifactKey: Guid(43154aa5a18baf34c8d37109310b7aea) Importer(815301076,1909f56bfc062723c751e8b465ee728b)
Start importing Assets/Scripts/Behaviors using Guid(43154aa5a18baf34c8d37109310b7aea) Importer(815301076,1909f56bfc062723c751e8b465ee728b)  -> (artifact id: '4b008d71080aa4187a4187544846a7ac') in 0.012280 seconds 
========================================================================
Received Import Request.
  Time since last request: 37.872475 seconds.
  path: Assets/Scripts/Behaviors/toSteal.asset
  artifactKey: Guid(234836873f8b80142aa73f7353d4ea79) Importer(815301076,1909f56bfc062723c751e8b465ee728b)
Start importing Assets/Scripts/Behaviors/toSteal.asset using Guid(234836873f8b80142aa73f7353d4ea79) Importer(815301076,1909f56bfc062723c751e8b465ee728b)  -> (artifact id: '7e942343ebad90da585b1054e91ab3a3') in 0.104494 seconds 
========================================================================
Received Import Request.
  Time since last request: 58.224295 seconds.
  path: Assets/Character Animators/toSteal.asset
  artifactKey: Guid(8d76184710aa61a4d86dfffbf50e8dc1) Importer(815301076,1909f56bfc062723c751e8b465ee728b)
Start importing Assets/Character Animators/toSteal.asset using Guid(8d76184710aa61a4d86dfffbf50e8dc1) Importer(815301076,1909f56bfc062723c751e8b465ee728b)  -> (artifact id: '1a8ec8ecc3f30c9048cd2556794e32c4') in 0.061906 seconds 
========================================================================
Received Prepare
Registering precompiled user dll's ...
Registered in 0.030295 seconds.
Begin MonoManager ReloadAssembly
Symbol file LoadedFromMemory doesn't match image D:\GitHub Repositories\IA\AI-Deliveries\FirstAsignamentIA\Library\PackageCache\com.unity.visualscripting@1.7.8\Editor\VisualScripting.Core\Dependencies\YamlDotNet\Unity.VisualScripting.YamlDotNet.dll
Symbol file LoadedFromMemory doesn't match image D:\GitHub Repositories\IA\AI-Deliveries\FirstAsignamentIA\Library\PackageCache\com.unity.visualscripting@1.7.8\Editor\VisualScripting.Core\Dependencies\DotNetZip\Unity.VisualScripting.IonicZip.dll
Native extension for WindowsStandalone target not found
Refreshing native plugins compatible for Editor in 4.00 ms, found 3 plugins.
Preloading 0 native plugins for Editor in 0.00 ms.
Mono: successfully reloaded assembly
- Completed reload, in 12.565 seconds
Domain Reload Profiling:
	ReloadAssembly (12567ms)
		BeginReloadAssembly (2041ms)
			ExecutionOrderSort (0ms)
			DisableScriptedObjects (30ms)
			BackupInstance (0ms)
			ReleaseScriptingObjects (0ms)
			CreateAndSetChildDomain (581ms)
		EndReloadAssembly (9748ms)
			LoadAssemblies (1522ms)
			RebuildTransferFunctionScriptingTraits (0ms)
			SetupTypeCache (1833ms)
			ReleaseScriptCaches (15ms)
			RebuildScriptCaches (456ms)
			SetupLoadedEditorAssemblies (6568ms)
				LogAssemblyErrors (0ms)
				InitializePlatformSupportModulesInManaged (44ms)
				SetLoadedEditorAssemblies (1ms)
				RefreshPlugins (4ms)
				BeforeProcessingInitializeOnLoad (277ms)
				ProcessInitializeOnLoadAttributes (1029ms)
				ProcessInitializeOnLoadMethodAttributes (5194ms)
				AfterProcessingInitializeOnLoad (17ms)
				EditorAssembliesLoaded (1ms)
			ExecutionOrderSort2 (0ms)
			AwakeInstancesAfterBackupRestoration (66ms)
Platform modules already initialized, skipping
Refreshing native plugins compatible for Editor in 10.96 ms, found 3 plugins.
Preloading 0 native plugins for Editor in 0.00 ms.
Unloading 3449 Unused Serialized files (Serialized files now loaded: 0)
Unloading 20 unused Assets / (25.6 KB). Loaded Objects now: 3955.
Memory consumption went from 121.7 MB to 121.7 MB.
Total: 24.637600 ms (FindLiveObjects: 1.506400 ms CreateObjectMapping: 1.368800 ms MarkObjects: 21.610900 ms  DeleteObjects: 0.146400 ms)

AssetImportParameters requested are different than current active one (requested -> active):
  custom:video-decoder-ogg-theora: a1e56fd34408186e4bbccfd4996cb3dc -> 
  custom:container-muxer-webm: aa71ff27fc2769a1b78a27578f13a17b -> 
  custom:container-demuxer-webm: 4f35f7cbe854078d1ac9338744f61a02 -> 
  custom:video-encoder-webm-vp8: eb34c28f22e8b96e1ab97ce403110664 -> 
  custom:video-codec-MediaFoundation-h265: 746d11721c4dcdbdad8f713fa42b33f4 -> 
  custom:audio-encoder-webm-vorbis: bf7c407c2cedff20999df2af8eb42d56 -> 
  custom:framework-win-MediaFoundation: 216162199b28c13a410421893ffa2e32 -> 
  custom:container-demuxer-ogg: 62fdf1f143b41e24485cea50d1cbac27 -> 
  custom:video-decoder-webm-vp8: 9c59270c3fd7afecdb556c50c9e8de78 -> 
  custom:audio-decoder-ogg-vorbis: bf7c407c2cedff20999df2af8eb42d56 -> 
========================================================================
Received Import Request.
  Time since last request: 380.111224 seconds.
  path: Assets/Easy Primitive People/Prefab
  artifactKey: Guid(28db1e812bd179041a5ffbb41e50c747) Importer(815301076,1909f56bfc062723c751e8b465ee728b)
Start importing Assets/Easy Primitive People/Prefab using Guid(28db1e812bd179041a5ffbb41e50c747) Importer(815301076,1909f56bfc062723c751e8b465ee728b)  -> (artifact id: '42135b77e1287406a5f8fe29ca93eee2') in 0.062641 seconds 
========================================================================
Received Import Request.
  Time since last request: 0.034979 seconds.
  path: Assets/Easy Primitive People/Prefab/Cubicle.prefab
  artifactKey: Guid(1b134b1c5bdecf14e936ab0619fcf833) Importer(815301076,1909f56bfc062723c751e8b465ee728b)
Start importing Assets/Easy Primitive People/Prefab/Cubicle.prefab using Guid(1b134b1c5bdecf14e936ab0619fcf833) Importer(815301076,1909f56bfc062723c751e8b465ee728b)  -> (artifact id: 'd7b60caa54f462438689b9d32cd940ca') in 0.684006 seconds 
========================================================================
Received Import Request.
  Time since last request: 0.000095 seconds.
  path: Assets/Easy Primitive People/Prefab/Ghost.prefab
  artifactKey: Guid(504712390eb34b946873d7f1bb40b62c) Importer(815301076,1909f56bfc062723c751e8b465ee728b)
Start importing Assets/Easy Primitive People/Prefab/Ghost.prefab using Guid(504712390eb34b946873d7f1bb40b62c) Importer(815301076,1909f56bfc062723c751e8b465ee728b)  -> (artifact id: '9dfc2647046128b252ce92f657fdea01') in 0.129819 seconds 
========================================================================
Received Import Request.
  Time since last request: 0.000116 seconds.
  path: Assets/Easy Primitive People/Prefab/SoccerPlayerBlue.prefab
  artifactKey: Guid(a9ca23b685b62e94e84d2035d0cf417d) Importer(815301076,1909f56bfc062723c751e8b465ee728b)
Start importing Assets/Easy Primitive People/Prefab/SoccerPlayerBlue.prefab using Guid(a9ca23b685b62e94e84d2035d0cf417d) Importer(815301076,1909f56bfc062723c751e8b465ee728b)  -> (artifact id: '382693389f7d8a6e8ceb455cd1d2d0a6') in 0.357014 seconds 
========================================================================
Received Import Request.
  Time since last request: 0.000118 seconds.
  path: Assets/Easy Primitive People/Prefab/Pig.prefab
  artifactKey: Guid(cc3c57fe9cc9c9e44bc43f7893d1708e) Importer(815301076,1909f56bfc062723c751e8b465ee728b)
Start importing Assets/Easy Primitive People/Prefab/Pig.prefab using Guid(cc3c57fe9cc9c9e44bc43f7893d1708e) Importer(815301076,1909f56bfc062723c751e8b465ee728b)  -> (artifact id: 'f7ee7d68adefe509bca35ed0861342e9') in 0.111065 seconds 
========================================================================
Received Import Request.
  Time since last request: 0.000157 seconds.
  path: Assets/Easy Primitive People/Prefab/Zombie.prefab
  artifactKey: Guid(dc7e45f5f8f700449b1e5ee0e7fda889) Importer(815301076,1909f56bfc062723c751e8b465ee728b)
Start importing Assets/Easy Primitive People/Prefab/Zombie.prefab using Guid(dc7e45f5f8f700449b1e5ee0e7fda889) Importer(815301076,1909f56bfc062723c751e8b465ee728b)  -> (artifact id: 'f6ab6a0ca84423d5e234b39e88e87d16') in 0.656786 seconds 
========================================================================
Received Import Request.
  Time since last request: 0.001171 seconds.
  path: Assets/Easy Primitive People/Prefab/Goal.prefab
  artifactKey: Guid(86fd8e596d1c632409cd5acbf0796045) Importer(815301076,1909f56bfc062723c751e8b465ee728b)
Start importing Assets/Easy Primitive People/Prefab/Goal.prefab using Guid(86fd8e596d1c632409cd5acbf0796045) Importer(815301076,1909f56bfc062723c751e8b465ee728b)  -> (artifact id: '0b4f77561d98e17343eebf45ef2071c9') in 0.056605 seconds 
========================================================================
Received Import Request.
  Time since last request: 0.000081 seconds.
  path: Assets/Easy Primitive People/Prefab/CricketBatsman.prefab
  artifactKey: Guid(467914d9f79be7d4298ad29dd883a986) Importer(815301076,1909f56bfc062723c751e8b465ee728b)
Start importing Assets/Easy Primitive People/Prefab/CricketBatsman.prefab using Guid(467914d9f79be7d4298ad29dd883a986) Importer(815301076,1909f56bfc062723c751e8b465ee728b)  -> (artifact id: 'eaacd0e71f913c5abab92310ac6d3d72') in 0.141943 seconds 
========================================================================
Received Import Request.
  Time since last request: 0.000093 seconds.
  path: Assets/Easy Primitive People/Prefab/Cloud1.prefab
  artifactKey: Guid(5f3e0d8101b9d1b4385eb4d565973aa4) Importer(815301076,1909f56bfc062723c751e8b465ee728b)
Start importing Assets/Easy Primitive People/Prefab/Cloud1.prefab using Guid(5f3e0d8101b9d1b4385eb4d565973aa4) Importer(815301076,1909f56bfc062723c751e8b465ee728b)  -> (artifact id: 'b4ce81d1d6a123452ec89a5688a1e0ec') in 0.039135 seconds 
========================================================================
Received Import Request.
  Time since last request: 0.000141 seconds.
  path: Assets/Easy Primitive People/Prefab/Pumpkin.prefab
  artifactKey: Guid(2ac08407a791dcf4f9f7dab45c4de857) Importer(815301076,1909f56bfc062723c751e8b465ee728b)
Start importing Assets/Easy Primitive People/Prefab/Pumpkin.prefab using Guid(2ac08407a791dcf4f9f7dab45c4de857) Importer(815301076,1909f56bfc062723c751e8b465ee728b)  -> (artifact id: '00c3f670cab6192ed3d7305e1e456fb7') in 0.045775 seconds 
========================================================================
Received Import Request.
  Time since last request: 0.000117 seconds.
  path: Assets/Easy Primitive People/Prefab/Wicket.prefab
  artifactKey: Guid(20452e1a22d5bdc4894c5517394f36c5) Importer(815301076,1909f56bfc062723c751e8b465ee728b)
Start importing Assets/Easy Primitive People/Prefab/Wicket.prefab using Guid(20452e1a22d5bdc4894c5517394f36c5) Importer(815301076,1909f56bfc062723c751e8b465ee728b)  -> (artifact id: '4c334536fd4e36a49071d2a920a17eff') in 0.066077 seconds 
========================================================================
Received Import Request.
  Time since last request: 0.000088 seconds.
  path: Assets/Easy Primitive People/Prefab/Devil.prefab
  artifactKey: Guid(eee0e99b6d63fc746bddfbace23276e5) Importer(815301076,1909f56bfc062723c751e8b465ee728b)
Start importing Assets/Easy Primitive People/Prefab/Devil.prefab using Guid(eee0e99b6d63fc746bddfbace23276e5) Importer(815301076,1909f56bfc062723c751e8b465ee728b)  -> (artifact id: '7669bcb861bb7cd4b61cbb017798654b') in 0.115756 seconds 
========================================================================
Received Import Request.
  Time since last request: 109.641066 seconds.
  path: Assets/Scripts/Behaviors/toSteal.asset
  artifactKey: Guid(234836873f8b80142aa73f7353d4ea79) Importer(815301076,1909f56bfc062723c751e8b465ee728b)
Start importing Assets/Scripts/Behaviors/toSteal.asset using Guid(234836873f8b80142aa73f7353d4ea79) Importer(815301076,1909f56bfc062723c751e8b465ee728b)  -> (artifact id: 'd2f582dcadbf5af0cda027203d01aa70') in 0.060114 seconds 
========================================================================
Received Import Request.
  Time since last request: 14.324426 seconds.
  path: Assets/Scripts/Behaviors/Hiding.cs
  artifactKey: Guid(36d929002df06424aa83ce14d600c004) Importer(815301076,1909f56bfc062723c751e8b465ee728b)
Start importing Assets/Scripts/Behaviors/Hiding.cs using Guid(36d929002df06424aa83ce14d600c004) Importer(815301076,1909f56bfc062723c751e8b465ee728b)  -> (artifact id: '924a13a52ae2ba9fe7d6b2f6bf912591') in 0.008478 seconds 
========================================================================
Received Import Request.
  Time since last request: 13.182789 seconds.
  path: Assets/Scripts/Behaviors/Wandering.cs
  artifactKey: Guid(32e4afd522ea05642a1e0a6c36e35bf8) Importer(815301076,1909f56bfc062723c751e8b465ee728b)
Start importing Assets/Scripts/Behaviors/Wandering.cs using Guid(32e4afd522ea05642a1e0a6c36e35bf8) Importer(815301076,1909f56bfc062723c751e8b465ee728b)  -> (artifact id: 'fa6831a8851e3f54e304ddc5b6151ab2') in 0.005886 seconds 
========================================================================
Received Import Request.
  Time since last request: 10.890671 seconds.
  path: Assets/Scripts/Behaviors/fsm.cs
  artifactKey: Guid(aef332bbfd86eea488d19c05a7982602) Importer(815301076,1909f56bfc062723c751e8b465ee728b)
Start importing Assets/Scripts/Behaviors/fsm.cs using Guid(aef332bbfd86eea488d19c05a7982602) Importer(815301076,1909f56bfc062723c751e8b465ee728b)  -> (artifact id: '79edef2a93b78baf8546ba091a5eb351') in 0.008175 seconds 
========================================================================
Received Import Request.
  Time since last request: 6.776740 seconds.
  path: Assets/Scripts/Behaviors/BlackBoard.cs
  artifactKey: Guid(873fa8aecc3884f4d9de787d2453e878) Importer(815301076,1909f56bfc062723c751e8b465ee728b)
Start importing Assets/Scripts/Behaviors/BlackBoard.cs using Guid(873fa8aecc3884f4d9de787d2453e878) Importer(815301076,1909f56bfc062723c751e8b465ee728b)  -> (artifact id: '2c4ae8993244e373171f65e73fc7b914') in 0.008068 seconds 
========================================================================
Received Import Request.
  Time since last request: 4.388126 seconds.
  path: Assets/Scripts/Behaviors/Approaching.cs
  artifactKey: Guid(487f0eadb5a7eec419113c6a1007278b) Importer(815301076,1909f56bfc062723c751e8b465ee728b)
Start importing Assets/Scripts/Behaviors/Approaching.cs using Guid(487f0eadb5a7eec419113c6a1007278b) Importer(815301076,1909f56bfc062723c751e8b465ee728b)  -> (artifact id: '4248da9b8cf46b95b1bd3e74a7f01286') in 0.012276 seconds 
========================================================================
Received Prepare
Registering precompiled user dll's ...
Registered in 0.021931 seconds.
Begin MonoManager ReloadAssembly
Symbol file LoadedFromMemory doesn't match image D:\GitHub Repositories\IA\AI-Deliveries\FirstAsignamentIA\Library\PackageCache\com.unity.visualscripting@1.7.8\Editor\VisualScripting.Core\Dependencies\YamlDotNet\Unity.VisualScripting.YamlDotNet.dll
Symbol file LoadedFromMemory doesn't match image D:\GitHub Repositories\IA\AI-Deliveries\FirstAsignamentIA\Library\PackageCache\com.unity.visualscripting@1.7.8\Editor\VisualScripting.Core\Dependencies\DotNetZip\Unity.VisualScripting.IonicZip.dll
Native extension for WindowsStandalone target not found
Refreshing native plugins compatible for Editor in 3.76 ms, found 3 plugins.
Preloading 0 native plugins for Editor in 0.00 ms.
Mono: successfully reloaded assembly
- Completed reload, in  8.899 seconds
Domain Reload Profiling:
	ReloadAssembly (8901ms)
		BeginReloadAssembly (543ms)
			ExecutionOrderSort (0ms)
			DisableScriptedObjects (14ms)
			BackupInstance (0ms)
			ReleaseScriptingObjects (0ms)
			CreateAndSetChildDomain (200ms)
		EndReloadAssembly (7938ms)
			LoadAssemblies (436ms)
			RebuildTransferFunctionScriptingTraits (0ms)
			SetupTypeCache (1224ms)
			ReleaseScriptCaches (5ms)
			RebuildScriptCaches (225ms)
			SetupLoadedEditorAssemblies (5877ms)
				LogAssemblyErrors (0ms)
				InitializePlatformSupportModulesInManaged (36ms)
				SetLoadedEditorAssemblies (1ms)
				RefreshPlugins (4ms)
				BeforeProcessingInitializeOnLoad (172ms)
				ProcessInitializeOnLoadAttributes (856ms)
				ProcessInitializeOnLoadMethodAttributes (4797ms)
				AfterProcessingInitializeOnLoad (11ms)
				EditorAssembliesLoaded (1ms)
			ExecutionOrderSort2 (0ms)
			AwakeInstancesAfterBackupRestoration (35ms)
Platform modules already initialized, skipping
Refreshing native plugins compatible for Editor in 19.58 ms, found 3 plugins.
Preloading 0 native plugins for Editor in 0.00 ms.
Unloading 3448 Unused Serialized files (Serialized files now loaded: 0)
Unloading 21 unused Assets / (25.6 KB). Loaded Objects now: 3969.
Memory consumption went from 126.4 MB to 126.4 MB.
Total: 29.659700 ms (FindLiveObjects: 1.055700 ms CreateObjectMapping: 5.279600 ms MarkObjects: 23.154900 ms  DeleteObjects: 0.164800 ms)

AssetImportParameters requested are different than current active one (requested -> active):
  custom:video-decoder-ogg-theora: a1e56fd34408186e4bbccfd4996cb3dc -> 
  custom:container-muxer-webm: aa71ff27fc2769a1b78a27578f13a17b -> 
  custom:container-demuxer-webm: 4f35f7cbe854078d1ac9338744f61a02 -> 
  custom:video-encoder-webm-vp8: eb34c28f22e8b96e1ab97ce403110664 -> 
  custom:video-codec-MediaFoundation-h265: 746d11721c4dcdbdad8f713fa42b33f4 -> 
  custom:audio-encoder-webm-vorbis: bf7c407c2cedff20999df2af8eb42d56 -> 
  custom:framework-win-MediaFoundation: 216162199b28c13a410421893ffa2e32 -> 
  custom:container-demuxer-ogg: 62fdf1f143b41e24485cea50d1cbac27 -> 
  custom:video-decoder-webm-vp8: 9c59270c3fd7afecdb556c50c9e8de78 -> 
  custom:audio-decoder-ogg-vorbis: bf7c407c2cedff20999df2af8eb42d56 -> 
========================================================================
Received Prepare
Registering precompiled user dll's ...
Registered in 0.019241 seconds.
Begin MonoManager ReloadAssembly
Symbol file LoadedFromMemory doesn't match image D:\GitHub Repositories\IA\AI-Deliveries\FirstAsignamentIA\Library\PackageCache\com.unity.visualscripting@1.7.8\Editor\VisualScripting.Core\Dependencies\YamlDotNet\Unity.VisualScripting.YamlDotNet.dll
Symbol file LoadedFromMemory doesn't match image D:\GitHub Repositories\IA\AI-Deliveries\FirstAsignamentIA\Library\PackageCache\com.unity.visualscripting@1.7.8\Editor\VisualScripting.Core\Dependencies\DotNetZip\Unity.VisualScripting.IonicZip.dll
Native extension for WindowsStandalone target not found
Refreshing native plugins compatible for Editor in 13.49 ms, found 3 plugins.
Preloading 0 native plugins for Editor in 0.00 ms.
Mono: successfully reloaded assembly
- Completed reload, in 17.611 seconds
Domain Reload Profiling:
	ReloadAssembly (17622ms)
		BeginReloadAssembly (1247ms)
			ExecutionOrderSort (0ms)
			DisableScriptedObjects (37ms)
			BackupInstance (0ms)
			ReleaseScriptingObjects (1ms)
			CreateAndSetChildDomain (326ms)
		EndReloadAssembly (15703ms)
			LoadAssemblies (1324ms)
			RebuildTransferFunctionScriptingTraits (0ms)
			SetupTypeCache (2807ms)
			ReleaseScriptCaches (20ms)
			RebuildScriptCaches (518ms)
			SetupLoadedEditorAssemblies (10883ms)
				LogAssemblyErrors (0ms)
				InitializePlatformSupportModulesInManaged (213ms)
				SetLoadedEditorAssemblies (1ms)
				RefreshPlugins (14ms)
				BeforeProcessingInitializeOnLoad (381ms)
				ProcessInitializeOnLoadAttributes (2492ms)
				ProcessInitializeOnLoadMethodAttributes (7772ms)
				AfterProcessingInitializeOnLoad (7ms)
				EditorAssembliesLoaded (2ms)
			ExecutionOrderSort2 (0ms)
			AwakeInstancesAfterBackupRestoration (51ms)
Platform modules already initialized, skipping
Refreshing native plugins compatible for Editor in 48.77 ms, found 3 plugins.
Preloading 0 native plugins for Editor in 0.00 ms.
Unloading 3448 Unused Serialized files (Serialized files now loaded: 0)
Unloading 20 unused Assets / (25.6 KB). Loaded Objects now: 3972.
Memory consumption went from 126.4 MB to 126.4 MB.
Total: 60.326700 ms (FindLiveObjects: 9.923100 ms CreateObjectMapping: 2.986100 ms MarkObjects: 47.254600 ms  DeleteObjects: 0.157700 ms)

AssetImportParameters requested are different than current active one (requested -> active):
  custom:video-decoder-ogg-theora: a1e56fd34408186e4bbccfd4996cb3dc -> 
  custom:container-muxer-webm: aa71ff27fc2769a1b78a27578f13a17b -> 
  custom:container-demuxer-webm: 4f35f7cbe854078d1ac9338744f61a02 -> 
  custom:video-encoder-webm-vp8: eb34c28f22e8b96e1ab97ce403110664 -> 
  custom:video-codec-MediaFoundation-h265: 746d11721c4dcdbdad8f713fa42b33f4 -> 
  custom:audio-encoder-webm-vorbis: bf7c407c2cedff20999df2af8eb42d56 -> 
  custom:framework-win-MediaFoundation: 216162199b28c13a410421893ffa2e32 -> 
  custom:container-demuxer-ogg: 62fdf1f143b41e24485cea50d1cbac27 -> 
  custom:video-decoder-webm-vp8: 9c59270c3fd7afecdb556c50c9e8de78 -> 
  custom:audio-decoder-ogg-vorbis: bf7c407c2cedff20999df2af8eb42d56 -> 
========================================================================
Received Import Request.
  Time since last request: 55.371282 seconds.
  path: Assets/Scripts/Behaviors/toSteal.asset
  artifactKey: Guid(234836873f8b80142aa73f7353d4ea79) Importer(815301076,1909f56bfc062723c751e8b465ee728b)
Start importing Assets/Scripts/Behaviors/toSteal.asset using Guid(234836873f8b80142aa73f7353d4ea79) Importer(815301076,1909f56bfc062723c751e8b465ee728b)  -> (artifact id: '05c97c03e585ffbeac8bded42a19031e') in 0.387043 seconds 
========================================================================
Received Prepare
Registering precompiled user dll's ...
Registered in 0.019980 seconds.
Begin MonoManager ReloadAssembly
Symbol file LoadedFromMemory doesn't match image D:\GitHub Repositories\IA\AI-Deliveries\FirstAsignamentIA\Library\PackageCache\com.unity.visualscripting@1.7.8\Editor\VisualScripting.Core\Dependencies\YamlDotNet\Unity.VisualScripting.YamlDotNet.dll
Symbol file LoadedFromMemory doesn't match image D:\GitHub Repositories\IA\AI-Deliveries\FirstAsignamentIA\Library\PackageCache\com.unity.visualscripting@1.7.8\Editor\VisualScripting.Core\Dependencies\DotNetZip\Unity.VisualScripting.IonicZip.dll
Native extension for WindowsStandalone target not found
Refreshing native plugins compatible for Editor in 5.20 ms, found 3 plugins.
Preloading 0 native plugins for Editor in 0.00 ms.
Mono: successfully reloaded assembly
- Completed reload, in 13.083 seconds
Domain Reload Profiling:
	ReloadAssembly (13086ms)
		BeginReloadAssembly (1058ms)
			ExecutionOrderSort (0ms)
			DisableScriptedObjects (31ms)
			BackupInstance (0ms)
			ReleaseScriptingObjects (0ms)
			CreateAndSetChildDomain (286ms)
		EndReloadAssembly (11451ms)
			LoadAssemblies (841ms)
			RebuildTransferFunctionScriptingTraits (0ms)
			SetupTypeCache (1634ms)
			ReleaseScriptCaches (11ms)
			RebuildScriptCaches (387ms)
			SetupLoadedEditorAssemblies (8442ms)
				LogAssemblyErrors (0ms)
				InitializePlatformSupportModulesInManaged (84ms)
				SetLoadedEditorAssemblies (1ms)
				RefreshPlugins (6ms)
				BeforeProcessingInitializeOnLoad (343ms)
				ProcessInitializeOnLoadAttributes (1146ms)
				ProcessInitializeOnLoadMethodAttributes (6830ms)
				AfterProcessingInitializeOnLoad (29ms)
				EditorAssembliesLoaded (2ms)
			ExecutionOrderSort2 (0ms)
			AwakeInstancesAfterBackupRestoration (91ms)
Platform modules already initialized, skipping
Refreshing native plugins compatible for Editor in 5.83 ms, found 3 plugins.
Preloading 0 native plugins for Editor in 0.00 ms.
Unloading 3448 Unused Serialized files (Serialized files now loaded: 0)
Unloading 20 unused Assets / (25.6 KB). Loaded Objects now: 3975.
Memory consumption went from 126.4 MB to 126.4 MB.
Total: 56.588700 ms (FindLiveObjects: 1.681700 ms CreateObjectMapping: 1.859300 ms MarkObjects: 52.913300 ms  DeleteObjects: 0.129100 ms)

AssetImportParameters requested are different than current active one (requested -> active):
  custom:video-decoder-ogg-theora: a1e56fd34408186e4bbccfd4996cb3dc -> 
  custom:container-muxer-webm: aa71ff27fc2769a1b78a27578f13a17b -> 
  custom:container-demuxer-webm: 4f35f7cbe854078d1ac9338744f61a02 -> 
  custom:video-encoder-webm-vp8: eb34c28f22e8b96e1ab97ce403110664 -> 
  custom:video-codec-MediaFoundation-h265: 746d11721c4dcdbdad8f713fa42b33f4 -> 
  custom:audio-encoder-webm-vorbis: bf7c407c2cedff20999df2af8eb42d56 -> 
  custom:framework-win-MediaFoundation: 216162199b28c13a410421893ffa2e32 -> 
  custom:container-demuxer-ogg: 62fdf1f143b41e24485cea50d1cbac27 -> 
  custom:video-decoder-webm-vp8: 9c59270c3fd7afecdb556c50c9e8de78 -> 
  custom:audio-decoder-ogg-vorbis: bf7c407c2cedff20999df2af8eb42d56 -> 
========================================================================
Received Import Request.
  Time since last request: 175.149867 seconds.
  path: Packages/com.unity.collab-proxy/Editor/Collaborate/Assets/Icons/collaborate-done-dark.png
  artifactKey: Guid(80c31f397a3ab184bae2f0d4b3dc5c1d) Importer(815301076,1909f56bfc062723c751e8b465ee728b)
Start importing Packages/com.unity.collab-proxy/Editor/Collaborate/Assets/Icons/collaborate-done-dark.png using Guid(80c31f397a3ab184bae2f0d4b3dc5c1d) Importer(815301076,1909f56bfc062723c751e8b465ee728b)  -> (artifact id: '3fbac6deeca689335f34cada0477afad') in 0.607140 seconds 
========================================================================
Received Import Request.
  Time since last request: 0.000094 seconds.
  path: Packages/com.unity.collab-proxy/Editor/Collaborate/Assets/Icons/collaborate-done-light.png
  artifactKey: Guid(68d404d4616084f449a3bc644c023f2c) Importer(815301076,1909f56bfc062723c751e8b465ee728b)
Start importing Packages/com.unity.collab-proxy/Editor/Collaborate/Assets/Icons/collaborate-done-light.png using Guid(68d404d4616084f449a3bc644c023f2c) Importer(815301076,1909f56bfc062723c751e8b465ee728b)  -> (artifact id: 'b018dd7f9754c3b00c7452a2f869d6d6') in 0.082705 seconds 
========================================================================
Received Import Request.
  Time since last request: 0.000145 seconds.
  path: Assets/BehaviorBricks/Samples/ProgrammersQuickStartGuide/Done/DoneBullet.prefab
  artifactKey: Guid(5054610a218ed66468343c7d064e0a66) Importer(815301076,1909f56bfc062723c751e8b465ee728b)
Start importing Assets/BehaviorBricks/Samples/ProgrammersQuickStartGuide/Done/DoneBullet.prefab using Guid(5054610a218ed66468343c7d064e0a66) Importer(815301076,1909f56bfc062723c751e8b465ee728b)  -> (artifact id: '975a843cf5b0cb9ce4905e3c30bbe786') in 1.145077 seconds 
========================================================================
Received Import Request.
  Time since last request: 0.000078 seconds.
  path: Assets/BehaviorBricks/Samples/QuickStartGuide/Done/Resources/DoneBlue.mat
  artifactKey: Guid(2eadcb54bb4ca874d922be12b4f9f75c) Importer(815301076,1909f56bfc062723c751e8b465ee728b)
Start importing Assets/BehaviorBricks/Samples/QuickStartGuide/Done/Resources/DoneBlue.mat using Guid(2eadcb54bb4ca874d922be12b4f9f75c) Importer(815301076,1909f56bfc062723c751e8b465ee728b)  -> (artifact id: 'eff096a6818287d0d78cc4145049e780') in 0.312987 seconds 
========================================================================
Received Import Request.
  Time since last request: 0.000105 seconds.
  path: Assets/BehaviorBricks/Samples/QuickStartGuide/Done/Resources/Behaviors/DoneClickAndGo.asset
  artifactKey: Guid(6c77abc6244c7604a93f480b49b233c5) Importer(815301076,1909f56bfc062723c751e8b465ee728b)
Start importing Assets/BehaviorBricks/Samples/QuickStartGuide/Done/Resources/Behaviors/DoneClickAndGo.asset using Guid(6c77abc6244c7604a93f480b49b233c5) Importer(815301076,1909f56bfc062723c751e8b465ee728b) DeserializeNextElement: Viene otra cosa: EndElement. Terminamos -> (artifact id: 'f79a349987260655ff2c905e8aa409d1') in 0.286183 seconds 
========================================================================
Received Import Request.
  Time since last request: 0.000077 seconds.
  path: Assets/BehaviorBricks/Samples/ProgrammersQuickStartGuide/Done/Resources/Behaviors/DoneEnemyBehavior.asset
  artifactKey: Guid(cefec543fe1d8774aa0b18d5ab374a84) Importer(815301076,1909f56bfc062723c751e8b465ee728b)
Start importing Assets/BehaviorBricks/Samples/ProgrammersQuickStartGuide/Done/Resources/Behaviors/DoneEnemyBehavior.asset using Guid(cefec543fe1d8774aa0b18d5ab374a84) Importer(815301076,1909f56bfc062723c751e8b465ee728b)  -> (artifact id: '968b79a451f32b83269bacadc901a5f5') in 0.181339 seconds 
========================================================================
Received Import Request.
  Time since last request: 12.024279 seconds.
  path: Assets/BehaviorBricks/Samples/ProgrammersQuickStartGuide
  artifactKey: Guid(a5250350bd4897c479d5934c1e613548) Importer(815301076,1909f56bfc062723c751e8b465ee728b)
Start importing Assets/BehaviorBricks/Samples/ProgrammersQuickStartGuide using Guid(a5250350bd4897c479d5934c1e613548) Importer(815301076,1909f56bfc062723c751e8b465ee728b)  -> (artifact id: 'd8f799a7eef3a9573de29ac322d8c50c') in 0.021469 seconds 
========================================================================
Received Import Request.
  Time since last request: 2.027589 seconds.
  path: Assets/BehaviorBricks/Samples/ProgrammersQuickStartGuide/Done
  artifactKey: Guid(d987afcae9efbb64c845ef4dfd7b4af7) Importer(815301076,1909f56bfc062723c751e8b465ee728b)
Start importing Assets/BehaviorBricks/Samples/ProgrammersQuickStartGuide/Done using Guid(d987afcae9efbb64c845ef4dfd7b4af7) Importer(815301076,1909f56bfc062723c751e8b465ee728b)  -> (artifact id: '0d25a3dc3d4a1c4b9155364da61a1dda') in 0.012583 seconds 
========================================================================
Received Import Request.
  Time since last request: 27.815188 seconds.
  path: Assets/Easy Primitive People/Materials/Black.mat
  artifactKey: Guid(69b1da7131228d34c9cf34b07580df18) Importer(815301076,1909f56bfc062723c751e8b465ee728b)
Start importing Assets/Easy Primitive People/Materials/Black.mat using Guid(69b1da7131228d34c9cf34b07580df18) Importer(815301076,1909f56bfc062723c751e8b465ee728b)  -> (artifact id: '7aab4c3e6b56187b2ce7d6c926e3d83c') in 0.122274 seconds 
========================================================================
Received Import Request.
  Time since last request: 3.643662 seconds.
  path: Assets/BehaviorBricks/Editor/Resources/Images/BlackboardIcons/button_x_grey_hover.png
  artifactKey: Guid(7be75a7db7c5ac242bb47efaf4f5d931) Importer(815301076,1909f56bfc062723c751e8b465ee728b)
Start importing Assets/BehaviorBricks/Editor/Resources/Images/BlackboardIcons/button_x_grey_hover.png using Guid(7be75a7db7c5ac242bb47efaf4f5d931) Importer(815301076,1909f56bfc062723c751e8b465ee728b)  -> (artifact id: '67a499b657e77c03fa4523e699026eca') in 0.049496 seconds 
========================================================================
Received Import Request.
  Time since last request: 0.005416 seconds.
  path: Assets/BehaviorBricks/Editor/Resources/Images/BlackboardIcons/ParamInOut.png
  artifactKey: Guid(5a6eac5740ee00b4ab1e7b409d7a8bef) Importer(815301076,1909f56bfc062723c751e8b465ee728b)
Start importing Assets/BehaviorBricks/Editor/Resources/Images/BlackboardIcons/ParamInOut.png using Guid(5a6eac5740ee00b4ab1e7b409d7a8bef) Importer(815301076,1909f56bfc062723c751e8b465ee728b)  -> (artifact id: '8e604244a920521ae827873ff1df0204') in 0.133289 seconds 
========================================================================
Received Import Request.
  Time since last request: 0.212307 seconds.
  path: Assets/BehaviorBricks/Editor/Resources/Images/BlackboardIcons/ParamOut.png
  artifactKey: Guid(db1ef7a3330861540870d16c3136f6b2) Importer(815301076,1909f56bfc062723c751e8b465ee728b)
Start importing Assets/BehaviorBricks/Editor/Resources/Images/BlackboardIcons/ParamOut.png using Guid(db1ef7a3330861540870d16c3136f6b2) Importer(815301076,1909f56bfc062723c751e8b465ee728b)  -> (artifact id: '7754e151fa737048c4499a00f9bc02a6') in 0.125425 seconds 
Editor requested this worker to shutdown with reason: Scaling down because of idle timeout
AssetImportWorker is now disconnected from the server
Process exiting
Exiting without the bug reporter. Application will terminate with return code 0