Using pre-set license
Built from '2021.3/staging' branch; Version is '2021.3.4f1 (cb45f9cae8b7) revision 13321721'; Using compiler version '192829333'; Build Type 'Release'
OS: 'Windows 11  (10.0.22000) 64bit Education' Language: 'ca' Physical Memory: 16266 MB
BatchMode: 1, IsHumanControllingUs: 0, StartBugReporterOnCrash: 0, Is64bit: 1, IsPro: 1

COMMAND LINE ARGUMENTS:
C:\Program Files\Unity\Hub\Editor\2021.3.4f1\Editor\Unity.exe
-adb2
-batchMode
-noUpm
-name
AssetImportWorker0
-projectPath
C:/Users/laiapp4/Desktop/AI-Deliveries/FirstAsignamentIA
-logFile
Logs/AssetImportWorker0.log
-srvPort
60999
Successfully changed project path to: C:/Users/laiapp4/Desktop/AI-Deliveries/FirstAsignamentIA
C:/Users/laiapp4/Desktop/AI-Deliveries/FirstAsignamentIA
[UnityMemory] Configuration Parameters - Can be set up in boot.config
    "memorysetup-bucket-allocator-granularity=16"
    "memorysetup-bucket-allocator-bucket-count=8"
    "memorysetup-bucket-allocator-block-size=33554432"
    "memorysetup-bucket-allocator-block-count=8"
    "memorysetup-main-allocator-block-size=16777216"
    "memorysetup-thread-allocator-block-size=16777216"
    "memorysetup-gfx-main-allocator-block-size=16777216"
    "memorysetup-gfx-thread-allocator-block-size=16777216"
    "memorysetup-cache-allocator-block-size=4194304"
    "memorysetup-typetree-allocator-block-size=2097152"
    "memorysetup-profiler-bucket-allocator-granularity=16"
    "memorysetup-profiler-bucket-allocator-bucket-count=8"
    "memorysetup-profiler-bucket-allocator-block-size=33554432"
    "memorysetup-profiler-bucket-allocator-block-count=8"
    "memorysetup-profiler-allocator-block-size=16777216"
    "memorysetup-profiler-editor-allocator-block-size=1048576"
    "memorysetup-temp-allocator-size-main=16777216"
    "memorysetup-job-temp-allocator-block-size=2097152"
    "memorysetup-job-temp-allocator-block-size-background=1048576"
    "memorysetup-job-temp-allocator-reduction-small-platforms=262144"
    "memorysetup-temp-allocator-size-background-worker=32768"
    "memorysetup-temp-allocator-size-job-worker=262144"
    "memorysetup-temp-allocator-size-preload-manager=33554432"
    "memorysetup-temp-allocator-size-nav-mesh-worker=65536"
    "memorysetup-temp-allocator-size-audio-worker=65536"
    "memorysetup-temp-allocator-size-cloud-worker=32768"
    "memorysetup-temp-allocator-size-gi-baking-worker=262144"
    "memorysetup-temp-allocator-size-gfx=262144"
Refreshing native plugins compatible for Editor in 161.77 ms, found 3 plugins.
Preloading 0 native plugins for Editor in 0.00 ms.
Initialize engine version: 2021.3.4f1 (cb45f9cae8b7)
[Subsystems] Discovering subsystems at path C:/Program Files/Unity/Hub/Editor/2021.3.4f1/Editor/Data/Resources/UnitySubsystems
[Subsystems] Discovering subsystems at path C:/Users/laiapp4/Desktop/AI-Deliveries/FirstAsignamentIA/Assets
GfxDevice: creating device client; threaded=0; jobified=0
Direct3D:
    Version:  Direct3D 11.0 [level 11.1]
    Renderer: AMD Radeon (TM) R7 M370 (ID=0x6600)
    Vendor:   ATI
    VRAM:     2028 MB
    Driver:   27.20.20912.1002
Initialize mono
Mono path[0] = 'C:/Program Files/Unity/Hub/Editor/2021.3.4f1/Editor/Data/Managed'
Mono path[1] = 'C:/Program Files/Unity/Hub/Editor/2021.3.4f1/Editor/Data/MonoBleedingEdge/lib/mono/unityjit-win32'
Mono config path = 'C:/Program Files/Unity/Hub/Editor/2021.3.4f1/Editor/Data/MonoBleedingEdge/etc'
Using monoOptions --debugger-agent=transport=dt_socket,embedding=1,server=y,suspend=n,address=127.0.0.1:56052
Begin MonoManager ReloadAssembly
Registering precompiled unity dll's ...
Register platform support module: C:/Program Files/Unity/Hub/Editor/2021.3.4f1/Editor/Data/PlaybackEngines/WebGLSupport/UnityEditor.WebGL.Extensions.dll
Register platform support module: C:/Program Files/Unity/Hub/Editor/2021.3.4f1/Editor/Data/PlaybackEngines/WindowsStandaloneSupport/UnityEditor.WindowsStandalone.Extensions.dll
Registered in 0.008367 seconds.
Native extension for WindowsStandalone target not found
Native extension for WebGL target not found
Refreshing native plugins compatible for Editor in 176.98 ms, found 3 plugins.
Preloading 0 native plugins for Editor in 0.00 ms.
Mono: successfully reloaded assembly
- Completed reload, in  1.288 seconds
Domain Reload Profiling:
	ReloadAssembly (1289ms)
		BeginReloadAssembly (124ms)
			ExecutionOrderSort (0ms)
			DisableScriptedObjects (0ms)
			BackupInstance (0ms)
			ReleaseScriptingObjects (0ms)
			CreateAndSetChildDomain (1ms)
		EndReloadAssembly (954ms)
			LoadAssemblies (121ms)
			RebuildTransferFunctionScriptingTraits (0ms)
			SetupTypeCache (266ms)
			ReleaseScriptCaches (0ms)
			RebuildScriptCaches (51ms)
			SetupLoadedEditorAssemblies (530ms)
				LogAssemblyErrors (0ms)
				InitializePlatformSupportModulesInManaged (14ms)
				SetLoadedEditorAssemblies (1ms)
				RefreshPlugins (177ms)
				BeforeProcessingInitializeOnLoad (2ms)
				ProcessInitializeOnLoadAttributes (244ms)
				ProcessInitializeOnLoadMethodAttributes (91ms)
				AfterProcessingInitializeOnLoad (0ms)
				EditorAssembliesLoaded (2ms)
			ExecutionOrderSort2 (0ms)
			AwakeInstancesAfterBackupRestoration (0ms)
Platform modules already initialized, skipping
Registering precompiled user dll's ...
Registered in 0.011774 seconds.
Begin MonoManager ReloadAssembly
Symbol file LoadedFromMemory doesn't match image C:\Users\laiapp4\Desktop\AI-Deliveries\FirstAsignamentIA\Library\PackageCache\com.unity.visualscripting@1.7.8\Editor\VisualScripting.Core\Dependencies\YamlDotNet\Unity.VisualScripting.YamlDotNet.dll
Symbol file LoadedFromMemory doesn't match image C:\Users\laiapp4\Desktop\AI-Deliveries\FirstAsignamentIA\Library\PackageCache\com.unity.visualscripting@1.7.8\Editor\VisualScripting.Core\Dependencies\DotNetZip\Unity.VisualScripting.IonicZip.dll
Native extension for WindowsStandalone target not found
Native extension for WebGL target not found
Refreshing native plugins compatible for Editor in 1.19 ms, found 3 plugins.
Preloading 0 native plugins for Editor in 0.00 ms.
Mono: successfully reloaded assembly
- Completed reload, in  3.066 seconds
Domain Reload Profiling:
	ReloadAssembly (3068ms)
		BeginReloadAssembly (209ms)
			ExecutionOrderSort (0ms)
			DisableScriptedObjects (13ms)
			BackupInstance (0ms)
			ReleaseScriptingObjects (0ms)
			CreateAndSetChildDomain (31ms)
		EndReloadAssembly (2658ms)
			LoadAssemblies (156ms)
			RebuildTransferFunctionScriptingTraits (0ms)
			SetupTypeCache (523ms)
			ReleaseScriptCaches (1ms)
			RebuildScriptCaches (88ms)
			SetupLoadedEditorAssemblies (1820ms)
				LogAssemblyErrors (0ms)
				InitializePlatformSupportModulesInManaged (11ms)
				SetLoadedEditorAssemblies (1ms)
				RefreshPlugins (1ms)
				BeforeProcessingInitializeOnLoad (150ms)
				ProcessInitializeOnLoadAttributes (422ms)
				ProcessInitializeOnLoadMethodAttributes (1221ms)
				AfterProcessingInitializeOnLoad (12ms)
				EditorAssembliesLoaded (0ms)
			ExecutionOrderSort2 (0ms)
			AwakeInstancesAfterBackupRestoration (14ms)
Platform modules already initialized, skipping
========================================================================
Worker process is ready to serve import requests
Launched and connected shader compiler UnityShaderCompiler.exe after 0.07 seconds
Refreshing native plugins compatible for Editor in 1.76 ms, found 3 plugins.
Preloading 0 native plugins for Editor in 0.00 ms.
Unloading 3484 Unused Serialized files (Serialized files now loaded: 0)
Unloading 27 unused Assets / (56.7 KB). Loaded Objects now: 3966.
Memory consumption went from 123.0 MB to 122.9 MB.
Total: 4.512600 ms (FindLiveObjects: 0.381100 ms CreateObjectMapping: 0.227900 ms MarkObjects: 3.763300 ms  DeleteObjects: 0.139000 ms)

AssetImportParameters requested are different than current active one (requested -> active):
  custom:video-decoder-ogg-theora: a1e56fd34408186e4bbccfd4996cb3dc -> 
  custom:container-muxer-webm: aa71ff27fc2769a1b78a27578f13a17b -> 
  custom:container-demuxer-webm: 4f35f7cbe854078d1ac9338744f61a02 -> 
  custom:video-encoder-webm-vp8: eb34c28f22e8b96e1ab97ce403110664 -> 
  custom:audio-encoder-webm-vorbis: bf7c407c2cedff20999df2af8eb42d56 -> 
  custom:framework-win-MediaFoundation: 216162199b28c13a410421893ffa2e32 -> 
  custom:container-demuxer-ogg: 62fdf1f143b41e24485cea50d1cbac27 -> 
  custom:video-decoder-webm-vp8: 9c59270c3fd7afecdb556c50c9e8de78 -> 
  custom:audio-decoder-ogg-vorbis: bf7c407c2cedff20999df2af8eb42d56 -> 
========================================================================
Received Prepare
Registering precompiled user dll's ...
Registered in 0.010811 seconds.
Begin MonoManager ReloadAssembly
Symbol file LoadedFromMemory doesn't match image C:\Users\laiapp4\Desktop\AI-Deliveries\FirstAsignamentIA\Library\PackageCache\com.unity.visualscripting@1.7.8\Editor\VisualScripting.Core\Dependencies\YamlDotNet\Unity.VisualScripting.YamlDotNet.dll
Symbol file LoadedFromMemory doesn't match image C:\Users\laiapp4\Desktop\AI-Deliveries\FirstAsignamentIA\Library\PackageCache\com.unity.visualscripting@1.7.8\Editor\VisualScripting.Core\Dependencies\DotNetZip\Unity.VisualScripting.IonicZip.dll
Native extension for WindowsStandalone target not found
Native extension for WebGL target not found
Refreshing native plugins compatible for Editor in 1.75 ms, found 3 plugins.
Preloading 0 native plugins for Editor in 0.00 ms.
Mono: successfully reloaded assembly
- Completed reload, in  3.620 seconds
Domain Reload Profiling:
	ReloadAssembly (3621ms)
		BeginReloadAssembly (251ms)
			ExecutionOrderSort (0ms)
			DisableScriptedObjects (10ms)
			BackupInstance (0ms)
			ReleaseScriptingObjects (0ms)
			CreateAndSetChildDomain (62ms)
		EndReloadAssembly (3167ms)
			LoadAssemblies (162ms)
			RebuildTransferFunctionScriptingTraits (0ms)
			SetupTypeCache (626ms)
			ReleaseScriptCaches (2ms)
			RebuildScriptCaches (108ms)
			SetupLoadedEditorAssemblies (2162ms)
				LogAssemblyErrors (0ms)
				InitializePlatformSupportModulesInManaged (33ms)
				SetLoadedEditorAssemblies (1ms)
				RefreshPlugins (2ms)
				BeforeProcessingInitializeOnLoad (176ms)
				ProcessInitializeOnLoadAttributes (529ms)
				ProcessInitializeOnLoadMethodAttributes (1407ms)
				AfterProcessingInitializeOnLoad (13ms)
				EditorAssembliesLoaded (0ms)
			ExecutionOrderSort2 (0ms)
			AwakeInstancesAfterBackupRestoration (14ms)
Platform modules already initialized, skipping
Refreshing native plugins compatible for Editor in 4.87 ms, found 3 plugins.
Preloading 0 native plugins for Editor in 0.00 ms.
Unloading 3464 Unused Serialized files (Serialized files now loaded: 0)
Unloading 20 unused Assets / (25.7 KB). Loaded Objects now: 3969.
Memory consumption went from 121.4 MB to 121.4 MB.
Total: 8.509700 ms (FindLiveObjects: 0.549300 ms CreateObjectMapping: 0.441600 ms MarkObjects: 7.452500 ms  DeleteObjects: 0.064600 ms)

AssetImportParameters requested are different than current active one (requested -> active):
  custom:video-decoder-ogg-theora: a1e56fd34408186e4bbccfd4996cb3dc -> 
  custom:container-muxer-webm: aa71ff27fc2769a1b78a27578f13a17b -> 
  custom:container-demuxer-webm: 4f35f7cbe854078d1ac9338744f61a02 -> 
  custom:video-encoder-webm-vp8: eb34c28f22e8b96e1ab97ce403110664 -> 
  custom:audio-encoder-webm-vorbis: bf7c407c2cedff20999df2af8eb42d56 -> 
  custom:framework-win-MediaFoundation: 216162199b28c13a410421893ffa2e32 -> 
  custom:container-demuxer-ogg: 62fdf1f143b41e24485cea50d1cbac27 -> 
  custom:video-decoder-webm-vp8: 9c59270c3fd7afecdb556c50c9e8de78 -> 
  custom:audio-decoder-ogg-vorbis: bf7c407c2cedff20999df2af8eb42d56 -> 
========================================================================
Received Import Request.
  Time since last request: 2111.940148 seconds.
  path: Assets/Scripts
  artifactKey: Guid(c0f57c548e749f54dbbfa1f1e06b579a) Importer(815301076,1909f56bfc062723c751e8b465ee728b)
Start importing Assets/Scripts using Guid(c0f57c548e749f54dbbfa1f1e06b579a) Importer(815301076,1909f56bfc062723c751e8b465ee728b)  -> (artifact id: '9b93ae30cea4d2b21c69d2cefb5fe66e') in 0.015031 seconds 
========================================================================
Received Prepare
Registering precompiled user dll's ...
Registered in 0.009753 seconds.
Begin MonoManager ReloadAssembly
Symbol file LoadedFromMemory doesn't match image C:\Users\laiapp4\Desktop\AI-Deliveries\FirstAsignamentIA\Library\PackageCache\com.unity.visualscripting@1.7.8\Editor\VisualScripting.Core\Dependencies\YamlDotNet\Unity.VisualScripting.YamlDotNet.dll
Symbol file LoadedFromMemory doesn't match image C:\Users\laiapp4\Desktop\AI-Deliveries\FirstAsignamentIA\Library\PackageCache\com.unity.visualscripting@1.7.8\Editor\VisualScripting.Core\Dependencies\DotNetZip\Unity.VisualScripting.IonicZip.dll
Native extension for WindowsStandalone target not found
Native extension for WebGL target not found
Refreshing native plugins compatible for Editor in 0.71 ms, found 3 plugins.
Preloading 0 native plugins for Editor in 0.00 ms.
Mono: successfully reloaded assembly
- Completed reload, in  1.944 seconds
Domain Reload Profiling:
	ReloadAssembly (1945ms)
		BeginReloadAssembly (173ms)
			ExecutionOrderSort (0ms)
			DisableScriptedObjects (7ms)
			BackupInstance (0ms)
			ReleaseScriptingObjects (0ms)
			CreateAndSetChildDomain (55ms)
		EndReloadAssembly (1657ms)
			LoadAssemblies (97ms)
			RebuildTransferFunctionScriptingTraits (0ms)
			SetupTypeCache (328ms)
			ReleaseScriptCaches (2ms)
			RebuildScriptCaches (48ms)
			SetupLoadedEditorAssemblies (1114ms)
				LogAssemblyErrors (0ms)
				InitializePlatformSupportModulesInManaged (17ms)
				SetLoadedEditorAssemblies (1ms)
				RefreshPlugins (1ms)
				BeforeProcessingInitializeOnLoad (78ms)
				ProcessInitializeOnLoadAttributes (260ms)
				ProcessInitializeOnLoadMethodAttributes (750ms)
				AfterProcessingInitializeOnLoad (7ms)
				EditorAssembliesLoaded (0ms)
			ExecutionOrderSort2 (0ms)
			AwakeInstancesAfterBackupRestoration (8ms)
Platform modules already initialized, skipping
Refreshing native plugins compatible for Editor in 2.15 ms, found 3 plugins.
Preloading 0 native plugins for Editor in 0.00 ms.
Unloading 3465 Unused Serialized files (Serialized files now loaded: 0)
Unloading 20 unused Assets / (25.6 KB). Loaded Objects now: 3973.
Memory consumption went from 121.5 MB to 121.4 MB.
Total: 5.726400 ms (FindLiveObjects: 0.458500 ms CreateObjectMapping: 0.185900 ms MarkObjects: 5.039300 ms  DeleteObjects: 0.040800 ms)

AssetImportParameters requested are different than current active one (requested -> active):
  custom:video-decoder-ogg-theora: a1e56fd34408186e4bbccfd4996cb3dc -> 
  custom:container-muxer-webm: aa71ff27fc2769a1b78a27578f13a17b -> 
  custom:container-demuxer-webm: 4f35f7cbe854078d1ac9338744f61a02 -> 
  custom:video-encoder-webm-vp8: eb34c28f22e8b96e1ab97ce403110664 -> 
  custom:audio-encoder-webm-vorbis: bf7c407c2cedff20999df2af8eb42d56 -> 
  custom:framework-win-MediaFoundation: 216162199b28c13a410421893ffa2e32 -> 
  custom:container-demuxer-ogg: 62fdf1f143b41e24485cea50d1cbac27 -> 
  custom:video-decoder-webm-vp8: 9c59270c3fd7afecdb556c50c9e8de78 -> 
  custom:audio-decoder-ogg-vorbis: bf7c407c2cedff20999df2af8eb42d56 -> 
========================================================================
Received Import Request.
  Time since last request: 1128.033607 seconds.
  path: Assets/LowPolyTreePack
  artifactKey: Guid(69dd3f61381787d44a72bc1bca63cdce) Importer(815301076,1909f56bfc062723c751e8b465ee728b)
Start importing Assets/LowPolyTreePack using Guid(69dd3f61381787d44a72bc1bca63cdce) Importer(815301076,1909f56bfc062723c751e8b465ee728b)  -> (artifact id: '9eadaac5d019a7bfaa390a8efe06b612') in 0.021257 seconds 
========================================================================
Received Import Request.
  Time since last request: 1.690014 seconds.
  path: Assets/LowPolyTreePack/Prefabs
  artifactKey: Guid(32081335839ed88449e04df9f43731cb) Importer(815301076,1909f56bfc062723c751e8b465ee728b)
Start importing Assets/LowPolyTreePack/Prefabs using Guid(32081335839ed88449e04df9f43731cb) Importer(815301076,1909f56bfc062723c751e8b465ee728b)  -> (artifact id: '6bf061ddec3c445f0bb543a5e2ecaef6') in 0.008997 seconds 
========================================================================
Received Import Request.
  Time since last request: 0.072059 seconds.
  path: Assets/LowPolyTreePack/Prefabs/birchTree.prefab
  artifactKey: Guid(e6f343cc46467004f811ce2ba3a3841b) Importer(815301076,1909f56bfc062723c751e8b465ee728b)
Start importing Assets/LowPolyTreePack/Prefabs/birchTree.prefab using Guid(e6f343cc46467004f811ce2ba3a3841b) Importer(815301076,1909f56bfc062723c751e8b465ee728b)  -> (artifact id: '31dd60dfcd9653942424597b198d0ecf') in 0.649821 seconds 
========================================================================
Received Import Request.
  Time since last request: 0.000030 seconds.
  path: Assets/LowPolyTreePack/Prefabs/rockGroup01.prefab
  artifactKey: Guid(10dcade9ef34ab642846c4b889ac76e7) Importer(815301076,1909f56bfc062723c751e8b465ee728b)
Start importing Assets/LowPolyTreePack/Prefabs/rockGroup01.prefab using Guid(10dcade9ef34ab642846c4b889ac76e7) Importer(815301076,1909f56bfc062723c751e8b465ee728b)  -> (artifact id: 'e22ed212ee537cfe941a19787ab35ee9') in 0.037133 seconds 
========================================================================
Received Import Request.
  Time since last request: 0.000040 seconds.
  path: Assets/LowPolyTreePack/Prefabs/rockGroup02.prefab
  artifactKey: Guid(8d8b11b2e2435cc4787335555d35714f) Importer(815301076,1909f56bfc062723c751e8b465ee728b)
Start importing Assets/LowPolyTreePack/Prefabs/rockGroup02.prefab using Guid(8d8b11b2e2435cc4787335555d35714f) Importer(815301076,1909f56bfc062723c751e8b465ee728b)  -> (artifact id: '760e8c860bb87d479ee2c22357786d42') in 0.032337 seconds 
========================================================================
Received Import Request.
  Time since last request: 0.000034 seconds.
  path: Assets/LowPolyTreePack/Prefabs/oakTree_leafless.prefab
  artifactKey: Guid(3b703535d10b66844a909b8cd4b12fc5) Importer(815301076,1909f56bfc062723c751e8b465ee728b)
Start importing Assets/LowPolyTreePack/Prefabs/oakTree_leafless.prefab using Guid(3b703535d10b66844a909b8cd4b12fc5) Importer(815301076,1909f56bfc062723c751e8b465ee728b)  -> (artifact id: 'e9c9caa20f7ce026368a934c9b7b62dd') in 0.036331 seconds 
========================================================================
Received Import Request.
  Time since last request: 0.000032 seconds.
  path: Assets/LowPolyTreePack/Prefabs/pineTree05.prefab
  artifactKey: Guid(abf04ed981f9b0e4daef0f76c3c9fc7c) Importer(815301076,1909f56bfc062723c751e8b465ee728b)
Start importing Assets/LowPolyTreePack/Prefabs/pineTree05.prefab using Guid(abf04ed981f9b0e4daef0f76c3c9fc7c) Importer(815301076,1909f56bfc062723c751e8b465ee728b)  -> (artifact id: '060d26c877a6ef4ef5bb74ffb33c9ec7') in 0.033291 seconds 
========================================================================
Received Import Request.
  Time since last request: 0.000023 seconds.
  path: Assets/LowPolyTreePack/Prefabs/rockGroup03.prefab
  artifactKey: Guid(88cc729ed2bce0b458f679b575dab345) Importer(815301076,1909f56bfc062723c751e8b465ee728b)
Start importing Assets/LowPolyTreePack/Prefabs/rockGroup03.prefab using Guid(88cc729ed2bce0b458f679b575dab345) Importer(815301076,1909f56bfc062723c751e8b465ee728b)  -> (artifact id: 'e011d4b7728b88bec54c4fa71869d239') in 0.035943 seconds 
========================================================================
Received Import Request.
  Time since last request: 0.000026 seconds.
  path: Assets/LowPolyTreePack/Prefabs/pineTree03.prefab
  artifactKey: Guid(e191e21fcb275784a9f8b6d08dcd932c) Importer(815301076,1909f56bfc062723c751e8b465ee728b)
Start importing Assets/LowPolyTreePack/Prefabs/pineTree03.prefab using Guid(e191e21fcb275784a9f8b6d08dcd932c) Importer(815301076,1909f56bfc062723c751e8b465ee728b)  -> (artifact id: 'a2314d639c05b586a6e8bcbf0c593df9') in 0.036404 seconds 
========================================================================
Received Import Request.
  Time since last request: 0.000039 seconds.
  path: Assets/LowPolyTreePack/Prefabs/mountain.prefab
  artifactKey: Guid(81f51ec42d5c7784aa8e8d5298eddaa0) Importer(815301076,1909f56bfc062723c751e8b465ee728b)
Start importing Assets/LowPolyTreePack/Prefabs/mountain.prefab using Guid(81f51ec42d5c7784aa8e8d5298eddaa0) Importer(815301076,1909f56bfc062723c751e8b465ee728b)  -> (artifact id: '3fdc07a14523516e5a8160af452a06b1') in 0.048849 seconds 
========================================================================
Received Import Request.
  Time since last request: 0.000044 seconds.
  path: Assets/LowPolyTreePack/Prefabs/treeStump.prefab
  artifactKey: Guid(c0aa33e678586aa43a1a9254fdfdfb4d) Importer(815301076,1909f56bfc062723c751e8b465ee728b)
Start importing Assets/LowPolyTreePack/Prefabs/treeStump.prefab using Guid(c0aa33e678586aa43a1a9254fdfdfb4d) Importer(815301076,1909f56bfc062723c751e8b465ee728b)  -> (artifact id: 'd52a15a0b4c318f88470ff43562c29dc') in 0.056256 seconds 
========================================================================
Received Import Request.
  Time since last request: 4.659808 seconds.
  path: Assets/Low_Poly_Mini_Village
  artifactKey: Guid(8221f3ab2700384419034c8faf39bfe1) Importer(815301076,1909f56bfc062723c751e8b465ee728b)
Start importing Assets/Low_Poly_Mini_Village using Guid(8221f3ab2700384419034c8faf39bfe1) Importer(815301076,1909f56bfc062723c751e8b465ee728b)  -> (artifact id: 'af89b0eed711563f13460fd06d70dc1d') in 0.009744 seconds 
========================================================================
Received Import Request.
  Time since last request: 2.554209 seconds.
  path: Assets/Low_Poly_Mini_Village/Prefabs/Caravan_1.prefab
  artifactKey: Guid(8e9164e00a4d5db48a745b14934ecaa9) Importer(815301076,1909f56bfc062723c751e8b465ee728b)
Start importing Assets/Low_Poly_Mini_Village/Prefabs/Caravan_1.prefab using Guid(8e9164e00a4d5db48a745b14934ecaa9) Importer(815301076,1909f56bfc062723c751e8b465ee728b)  -> (artifact id: '07e39fc390388b50041f30a3eebeb866') in 0.187644 seconds 
========================================================================
Received Import Request.
  Time since last request: 0.000031 seconds.
  path: Assets/Low_Poly_Mini_Village/Prefabs/Road_sign1.prefab
  artifactKey: Guid(41093631723a72d42bccc0b698461fd2) Importer(815301076,1909f56bfc062723c751e8b465ee728b)
Start importing Assets/Low_Poly_Mini_Village/Prefabs/Road_sign1.prefab using Guid(41093631723a72d42bccc0b698461fd2) Importer(815301076,1909f56bfc062723c751e8b465ee728b)  -> (artifact id: '81ab2f6a5d26df07d66bc2f4db4cf70e') in 0.031521 seconds 
========================================================================
Received Import Request.
  Time since last request: 0.000070 seconds.
  path: Assets/Low_Poly_Mini_Village/Prefabs/Ground.prefab
  artifactKey: Guid(e3e0e20c8d3c49843b9f69d078adbdf7) Importer(815301076,1909f56bfc062723c751e8b465ee728b)
Start importing Assets/Low_Poly_Mini_Village/Prefabs/Ground.prefab using Guid(e3e0e20c8d3c49843b9f69d078adbdf7) Importer(815301076,1909f56bfc062723c751e8b465ee728b)  -> (artifact id: 'a21c09067c3f2e3d9c9e27aa3460f334') in 0.044547 seconds 
========================================================================
Received Import Request.
  Time since last request: 0.000020 seconds.
  path: Assets/Low_Poly_Mini_Village/Prefabs/Tree_1.prefab
  artifactKey: Guid(2f88bb42a1ce0c043834b471617d3b2a) Importer(815301076,1909f56bfc062723c751e8b465ee728b)
Start importing Assets/Low_Poly_Mini_Village/Prefabs/Tree_1.prefab using Guid(2f88bb42a1ce0c043834b471617d3b2a) Importer(815301076,1909f56bfc062723c751e8b465ee728b)  -> (artifact id: 'feef61508094b7b0eb799d07769575b5') in 0.032369 seconds 
========================================================================
Received Import Request.
  Time since last request: 0.000030 seconds.
  path: Assets/Low_Poly_Mini_Village/Prefabs/House_2.prefab
  artifactKey: Guid(3d7ed3a31ab8f79448604ec3148d300c) Importer(815301076,1909f56bfc062723c751e8b465ee728b)
Start importing Assets/Low_Poly_Mini_Village/Prefabs/House_2.prefab using Guid(3d7ed3a31ab8f79448604ec3148d300c) Importer(815301076,1909f56bfc062723c751e8b465ee728b)  -> (artifact id: 'de4d0e5ee6c82d4b637ed410c3279512') in 0.037590 seconds 
========================================================================
Received Import Request.
  Time since last request: 0.000038 seconds.
  path: Assets/Low_Poly_Mini_Village/Prefabs/Tree_4.prefab
  artifactKey: Guid(122cf8bf4f49e3842ae0fce025b4bd02) Importer(815301076,1909f56bfc062723c751e8b465ee728b)
Start importing Assets/Low_Poly_Mini_Village/Prefabs/Tree_4.prefab using Guid(122cf8bf4f49e3842ae0fce025b4bd02) Importer(815301076,1909f56bfc062723c751e8b465ee728b)  -> (artifact id: '959583f2ac9eb41ad9eb58ede88b7883') in 0.030944 seconds 
========================================================================
Received Import Request.
  Time since last request: 0.000022 seconds.
  path: Assets/Low_Poly_Mini_Village/Prefabs/Electric_cable.prefab
  artifactKey: Guid(0dbda4ea70ba28549b5c445249486cf5) Importer(815301076,1909f56bfc062723c751e8b465ee728b)
Start importing Assets/Low_Poly_Mini_Village/Prefabs/Electric_cable.prefab using Guid(0dbda4ea70ba28549b5c445249486cf5) Importer(815301076,1909f56bfc062723c751e8b465ee728b)  -> (artifact id: '0e28031538dc1a790c4684d7510f26a2') in 0.032329 seconds 
========================================================================
Received Import Request.
  Time since last request: 0.000027 seconds.
  path: Assets/Low_Poly_Mini_Village/Prefabs/Tree_2.prefab
  artifactKey: Guid(f371874061e9c874481abcdb897e9420) Importer(815301076,1909f56bfc062723c751e8b465ee728b)
Start importing Assets/Low_Poly_Mini_Village/Prefabs/Tree_2.prefab using Guid(f371874061e9c874481abcdb897e9420) Importer(815301076,1909f56bfc062723c751e8b465ee728b)  -> (artifact id: '01250a0f0eb06f19512b44bb23a6886e') in 0.030579 seconds 
========================================================================
Received Import Request.
  Time since last request: 0.000045 seconds.
  path: Assets/Low_Poly_Mini_Village/Prefabs/Grass_1.prefab
  artifactKey: Guid(f7155cb81768ed845bbaa6821ede4fe3) Importer(815301076,1909f56bfc062723c751e8b465ee728b)
Start importing Assets/Low_Poly_Mini_Village/Prefabs/Grass_1.prefab using Guid(f7155cb81768ed845bbaa6821ede4fe3) Importer(815301076,1909f56bfc062723c751e8b465ee728b)  -> (artifact id: '347f741a2f62d5f8a823a3bd41f34d44') in 0.398261 seconds 
========================================================================
Received Import Request.
  Time since last request: 0.000030 seconds.
  path: Assets/Low_Poly_Mini_Village/Prefabs/Tree_3.prefab
  artifactKey: Guid(0e40fc051ed65994baf499c5b9715ce0) Importer(815301076,1909f56bfc062723c751e8b465ee728b)
Start importing Assets/Low_Poly_Mini_Village/Prefabs/Tree_3.prefab using Guid(0e40fc051ed65994baf499c5b9715ce0) Importer(815301076,1909f56bfc062723c751e8b465ee728b)  -> (artifact id: '11e02c9c28192d5c775cf4865fbd692c') in 0.026874 seconds 
========================================================================
Received Import Request.
  Time since last request: 7.125975 seconds.
  path: Assets/Easy Primitive People/Prefab/Cloud1.prefab
  artifactKey: Guid(5f3e0d8101b9d1b4385eb4d565973aa4) Importer(815301076,1909f56bfc062723c751e8b465ee728b)
Start importing Assets/Easy Primitive People/Prefab/Cloud1.prefab using Guid(5f3e0d8101b9d1b4385eb4d565973aa4) Importer(815301076,1909f56bfc062723c751e8b465ee728b)  -> (artifact id: '6ddb4ec37ff7b8f73e493bee8d7cb21f') in 0.142029 seconds 
========================================================================
Received Import Request.
  Time since last request: 0.000032 seconds.
  path: Assets/Easy Primitive People/Prefab/Cubicle.prefab
  artifactKey: Guid(1b134b1c5bdecf14e936ab0619fcf833) Importer(815301076,1909f56bfc062723c751e8b465ee728b)
Start importing Assets/Easy Primitive People/Prefab/Cubicle.prefab using Guid(1b134b1c5bdecf14e936ab0619fcf833) Importer(815301076,1909f56bfc062723c751e8b465ee728b)  -> (artifact id: 'e5b96b6478c704330629c4c178475359') in 0.288104 seconds 
========================================================================
Received Import Request.
  Time since last request: 0.000033 seconds.
  path: Assets/Easy Primitive People/Prefab/Nurse.prefab
  artifactKey: Guid(51e437be22296b340954bf6591a60065) Importer(815301076,1909f56bfc062723c751e8b465ee728b)
Start importing Assets/Easy Primitive People/Prefab/Nurse.prefab using Guid(51e437be22296b340954bf6591a60065) Importer(815301076,1909f56bfc062723c751e8b465ee728b)  -> (artifact id: '71ec88c0aa92a4950affd2cab7d341e5') in 0.041225 seconds 
========================================================================
Received Import Request.
  Time since last request: 0.000025 seconds.
  path: Assets/Easy Primitive People/Prefab/Pig.prefab
  artifactKey: Guid(cc3c57fe9cc9c9e44bc43f7893d1708e) Importer(815301076,1909f56bfc062723c751e8b465ee728b)
Start importing Assets/Easy Primitive People/Prefab/Pig.prefab using Guid(cc3c57fe9cc9c9e44bc43f7893d1708e) Importer(815301076,1909f56bfc062723c751e8b465ee728b)  -> (artifact id: '5953cedc8b3cc205bca582290a60ca60') in 0.042591 seconds 
========================================================================
Received Import Request.
  Time since last request: 0.000023 seconds.
  path: Assets/Easy Primitive People/Prefab/Patient.prefab
  artifactKey: Guid(d36c43225f9391e4c8810c98eb7ef85e) Importer(815301076,1909f56bfc062723c751e8b465ee728b)
Start importing Assets/Easy Primitive People/Prefab/Patient.prefab using Guid(d36c43225f9391e4c8810c98eb7ef85e) Importer(815301076,1909f56bfc062723c751e8b465ee728b)  -> (artifact id: '525a0262ad2827889341d51cb4b3fd19') in 0.042449 seconds 
========================================================================
Received Import Request.
  Time since last request: 0.000035 seconds.
  path: Assets/Easy Primitive People/Prefab/Clown.prefab
  artifactKey: Guid(0578a5835e878e64792d64b39d9af8f4) Importer(815301076,1909f56bfc062723c751e8b465ee728b)
Start importing Assets/Easy Primitive People/Prefab/Clown.prefab using Guid(0578a5835e878e64792d64b39d9af8f4) Importer(815301076,1909f56bfc062723c751e8b465ee728b)  -> (artifact id: '3740c8bd65f05c5d777590c1d2e78f17') in 0.039764 seconds 
========================================================================
Received Import Request.
  Time since last request: 0.000038 seconds.
  path: Assets/Easy Primitive People/Prefab/CricketBatsman.prefab
  artifactKey: Guid(467914d9f79be7d4298ad29dd883a986) Importer(815301076,1909f56bfc062723c751e8b465ee728b)
Start importing Assets/Easy Primitive People/Prefab/CricketBatsman.prefab using Guid(467914d9f79be7d4298ad29dd883a986) Importer(815301076,1909f56bfc062723c751e8b465ee728b)  -> (artifact id: 'c100e286d55fe2e38d57af899bf6371c') in 0.114931 seconds 
========================================================================
Received Import Request.
  Time since last request: 0.000034 seconds.
  path: Assets/Easy Primitive People/Prefab/Villager.prefab
  artifactKey: Guid(d2a6cffd27c3e44449a585a61fc0359d) Importer(815301076,1909f56bfc062723c751e8b465ee728b)
Start importing Assets/Easy Primitive People/Prefab/Villager.prefab using Guid(d2a6cffd27c3e44449a585a61fc0359d) Importer(815301076,1909f56bfc062723c751e8b465ee728b)  -> (artifact id: '9acb640bede3a8fcdde3553551006fcc') in 0.042996 seconds 
Editor requested this worker to shutdown with reason: Scaling down because of idle timeout
AssetImportWorker is now disconnected from the server
Process exiting
Exiting without the bug reporter. Application will terminate with return code 0